{"C:\\Users\\liluo\\Desktop\\deep-into-js\\src\\is\\getPrimitive.js": {"path":"C:\\Users\\liluo\\Desktop\\deep-into-js\\src\\is\\getPrimitive.js","statementMap":{"0":{"start":{"line":1,"column":21},"end":{"line":1,"column":37}},"1":{"start":{"line":9,"column":21},"end":{"line":11,"column":1}},"2":{"start":{"line":10,"column":2},"end":{"line":10,"column":30}}},"fnMap":{"0":{"name":"(anonymous_0)","decl":{"start":{"line":9,"column":21},"end":{"line":9,"column":22}},"loc":{"start":{"line":9,"column":32},"end":{"line":11,"column":1}},"line":9}},"branchMap":{},"s":{"0":8,"1":8,"2":72},"f":{"0":72},"b":{},"_coverageSchema":"1a1c01bbd47fc00a2c39e90264f33305004495a9","hash":"4610c4ebde0dfeb984be2847f73bdb1699fdfe8f"}
,"C:\\Users\\liluo\\Desktop\\deep-into-js\\src\\is\\isArguments.js": {"path":"C:\\Users\\liluo\\Desktop\\deep-into-js\\src\\is\\isArguments.js","statementMap":{"0":{"start":{"line":17,"column":20},"end":{"line":19,"column":1}},"1":{"start":{"line":18,"column":2},"end":{"line":18,"column":77}}},"fnMap":{"0":{"name":"(anonymous_0)","decl":{"start":{"line":17,"column":20},"end":{"line":17,"column":21}},"loc":{"start":{"line":17,"column":31},"end":{"line":19,"column":1}},"line":17}},"branchMap":{"0":{"loc":{"start":{"line":18,"column":9},"end":{"line":18,"column":76}},"type":"binary-expr","locations":[{"start":{"line":18,"column":9},"end":{"line":18,"column":28}},{"start":{"line":18,"column":32},"end":{"line":18,"column":76}}],"line":18}},"s":{"0":1,"1":12},"f":{"0":12},"b":{"0":[12,4]},"_coverageSchema":"1a1c01bbd47fc00a2c39e90264f33305004495a9","hash":"20e9d33848dc1c0b0b0997786201104c331b5482"}
,"C:\\Users\\liluo\\Desktop\\deep-into-js\\src\\is\\isBigInt.js": {"path":"C:\\Users\\liluo\\Desktop\\deep-into-js\\src\\is\\isBigInt.js","statementMap":{"0":{"start":{"line":16,"column":17},"end":{"line":18,"column":1}},"1":{"start":{"line":17,"column":2},"end":{"line":17,"column":80}}},"fnMap":{"0":{"name":"(anonymous_0)","decl":{"start":{"line":16,"column":17},"end":{"line":16,"column":18}},"loc":{"start":{"line":16,"column":28},"end":{"line":18,"column":1}},"line":16}},"branchMap":{"0":{"loc":{"start":{"line":17,"column":9},"end":{"line":17,"column":79}},"type":"binary-expr","locations":[{"start":{"line":17,"column":9},"end":{"line":17,"column":34}},{"start":{"line":17,"column":38},"end":{"line":17,"column":79}}],"line":17}},"s":{"0":1,"1":11},"f":{"0":11},"b":{"0":[11,10]},"_coverageSchema":"1a1c01bbd47fc00a2c39e90264f33305004495a9","hash":"4f54f9f7b1b859292d44d0a503c60b0302cb3695"}
,"C:\\Users\\liluo\\Desktop\\deep-into-js\\src\\is\\isBoolean.js": {"path":"C:\\Users\\liluo\\Desktop\\deep-into-js\\src\\is\\isBoolean.js","statementMap":{"0":{"start":{"line":16,"column":18},"end":{"line":18,"column":1}},"1":{"start":{"line":17,"column":2},"end":{"line":17,"column":82}}},"fnMap":{"0":{"name":"(anonymous_0)","decl":{"start":{"line":16,"column":18},"end":{"line":16,"column":19}},"loc":{"start":{"line":16,"column":29},"end":{"line":18,"column":1}},"line":16}},"branchMap":{"0":{"loc":{"start":{"line":17,"column":9},"end":{"line":17,"column":81}},"type":"binary-expr","locations":[{"start":{"line":17,"column":9},"end":{"line":17,"column":35}},{"start":{"line":17,"column":39},"end":{"line":17,"column":81}}],"line":17}},"s":{"0":1,"1":13},"f":{"0":13},"b":{"0":[13,11]},"_coverageSchema":"1a1c01bbd47fc00a2c39e90264f33305004495a9","hash":"a6844d152e15e3b13759dbfb6aea90367ed7fcd5"}
,"C:\\Users\\liluo\\Desktop\\deep-into-js\\src\\is\\isNull.js": {"path":"C:\\Users\\liluo\\Desktop\\deep-into-js\\src\\is\\isNull.js","statementMap":{"0":{"start":{"line":14,"column":15},"end":{"line":16,"column":1}},"1":{"start":{"line":15,"column":2},"end":{"line":15,"column":24}}},"fnMap":{"0":{"name":"(anonymous_0)","decl":{"start":{"line":14,"column":15},"end":{"line":14,"column":16}},"loc":{"start":{"line":14,"column":26},"end":{"line":16,"column":1}},"line":14}},"branchMap":{},"s":{"0":6,"1":78},"f":{"0":78},"b":{},"_coverageSchema":"1a1c01bbd47fc00a2c39e90264f33305004495a9","hash":"d39cf1b6f3c6028371f7c89e91a41c30e10c55df"}
,"C:\\Users\\liluo\\Desktop\\deep-into-js\\src\\is\\isNumber.js": {"path":"C:\\Users\\liluo\\Desktop\\deep-into-js\\src\\is\\isNumber.js","statementMap":{"0":{"start":{"line":16,"column":17},"end":{"line":18,"column":1}},"1":{"start":{"line":17,"column":2},"end":{"line":17,"column":80}}},"fnMap":{"0":{"name":"(anonymous_0)","decl":{"start":{"line":16,"column":17},"end":{"line":16,"column":18}},"loc":{"start":{"line":16,"column":28},"end":{"line":18,"column":1}},"line":16}},"branchMap":{"0":{"loc":{"start":{"line":17,"column":9},"end":{"line":17,"column":79}},"type":"binary-expr","locations":[{"start":{"line":17,"column":9},"end":{"line":17,"column":34}},{"start":{"line":17,"column":38},"end":{"line":17,"column":79}}],"line":17}},"s":{"0":1,"1":12},"f":{"0":12},"b":{"0":[12,10]},"_coverageSchema":"1a1c01bbd47fc00a2c39e90264f33305004495a9","hash":"0abc3d85856c2a5ef6fab9007fe8e296e9821e4a"}
,"C:\\Users\\liluo\\Desktop\\deep-into-js\\src\\is\\isObject.js": {"path":"C:\\Users\\liluo\\Desktop\\deep-into-js\\src\\is\\isObject.js","statementMap":{"0":{"start":{"line":24,"column":17},"end":{"line":27,"column":1}},"1":{"start":{"line":25,"column":15},"end":{"line":25,"column":27}},"2":{"start":{"line":26,"column":2},"end":{"line":26,"column":70}}},"fnMap":{"0":{"name":"(anonymous_0)","decl":{"start":{"line":24,"column":17},"end":{"line":24,"column":18}},"loc":{"start":{"line":24,"column":28},"end":{"line":27,"column":1}},"line":24}},"branchMap":{"0":{"loc":{"start":{"line":26,"column":9},"end":{"line":26,"column":69}},"type":"binary-expr","locations":[{"start":{"line":26,"column":9},"end":{"line":26,"column":23}},{"start":{"line":26,"column":28},"end":{"line":26,"column":45}},{"start":{"line":26,"column":49},"end":{"line":26,"column":68}}],"line":26}},"s":{"0":2,"1":19,"2":19},"f":{"0":19},"b":{"0":[19,18,8]},"_coverageSchema":"1a1c01bbd47fc00a2c39e90264f33305004495a9","hash":"7e73d2f51b2b914e1e6ab904cd162ffa92e1cc47"}
,"C:\\Users\\liluo\\Desktop\\deep-into-js\\src\\is\\isObjectLike.js": {"path":"C:\\Users\\liluo\\Desktop\\deep-into-js\\src\\is\\isObjectLike.js","statementMap":{"0":{"start":{"line":22,"column":21},"end":{"line":25,"column":1}},"1":{"start":{"line":23,"column":15},"end":{"line":23,"column":27}},"2":{"start":{"line":24,"column":2},"end":{"line":24,"column":45}}},"fnMap":{"0":{"name":"(anonymous_0)","decl":{"start":{"line":22,"column":21},"end":{"line":22,"column":22}},"loc":{"start":{"line":22,"column":32},"end":{"line":25,"column":1}},"line":22}},"branchMap":{"0":{"loc":{"start":{"line":24,"column":9},"end":{"line":24,"column":44}},"type":"binary-expr","locations":[{"start":{"line":24,"column":9},"end":{"line":24,"column":23}},{"start":{"line":24,"column":27},"end":{"line":24,"column":44}}],"line":24}},"s":{"0":3,"1":45,"2":45},"f":{"0":45},"b":{"0":[45,42]},"_coverageSchema":"1a1c01bbd47fc00a2c39e90264f33305004495a9","hash":"84c0a9c26d3d023662d5b3b7d51e4b3d733000f8"}
,"C:\\Users\\liluo\\Desktop\\deep-into-js\\src\\is\\isPlainObject.js": {"path":"C:\\Users\\liluo\\Desktop\\deep-into-js\\src\\is\\isPlainObject.js","statementMap":{"0":{"start":{"line":21,"column":22},"end":{"line":31,"column":1}},"1":{"start":{"line":22,"column":2},"end":{"line":24,"column":3}},"2":{"start":{"line":23,"column":4},"end":{"line":23,"column":17}},"3":{"start":{"line":26,"column":2},"end":{"line":28,"column":3}},"4":{"start":{"line":27,"column":4},"end":{"line":27,"column":16}},"5":{"start":{"line":30,"column":2},"end":{"line":30,"column":60}}},"fnMap":{"0":{"name":"(anonymous_0)","decl":{"start":{"line":21,"column":22},"end":{"line":21,"column":23}},"loc":{"start":{"line":21,"column":33},"end":{"line":31,"column":1}},"line":21}},"branchMap":{"0":{"loc":{"start":{"line":22,"column":2},"end":{"line":24,"column":3}},"type":"if","locations":[{"start":{"line":22,"column":2},"end":{"line":24,"column":3}},{"start":{"line":22,"column":2},"end":{"line":24,"column":3}}],"line":22},"1":{"loc":{"start":{"line":22,"column":6},"end":{"line":22,"column":71}},"type":"binary-expr","locations":[{"start":{"line":22,"column":6},"end":{"line":22,"column":26}},{"start":{"line":22,"column":30},"end":{"line":22,"column":71}}],"line":22},"2":{"loc":{"start":{"line":26,"column":2},"end":{"line":28,"column":3}},"type":"if","locations":[{"start":{"line":26,"column":2},"end":{"line":28,"column":3}},{"start":{"line":26,"column":2},"end":{"line":28,"column":3}}],"line":26}},"s":{"0":1,"1":16,"2":12,"3":4,"4":2,"5":2},"f":{"0":16},"b":{"0":[12,4],"1":[16,7],"2":[2,2]},"_coverageSchema":"1a1c01bbd47fc00a2c39e90264f33305004495a9","hash":"e115392c520ee18f722b717ab794c2e8564b52f4"}
,"C:\\Users\\liluo\\Desktop\\deep-into-js\\src\\is\\isString.js": {"path":"C:\\Users\\liluo\\Desktop\\deep-into-js\\src\\is\\isString.js","statementMap":{"0":{"start":{"line":16,"column":17},"end":{"line":18,"column":1}},"1":{"start":{"line":17,"column":2},"end":{"line":17,"column":80}}},"fnMap":{"0":{"name":"(anonymous_0)","decl":{"start":{"line":16,"column":17},"end":{"line":16,"column":18}},"loc":{"start":{"line":16,"column":28},"end":{"line":18,"column":1}},"line":16}},"branchMap":{"0":{"loc":{"start":{"line":17,"column":9},"end":{"line":17,"column":79}},"type":"binary-expr","locations":[{"start":{"line":17,"column":9},"end":{"line":17,"column":34}},{"start":{"line":17,"column":38},"end":{"line":17,"column":79}}],"line":17}},"s":{"0":1,"1":11},"f":{"0":11},"b":{"0":[11,10]},"_coverageSchema":"1a1c01bbd47fc00a2c39e90264f33305004495a9","hash":"a43c65624737e23624c31049b279e74a2c4220fa"}
,"C:\\Users\\liluo\\Desktop\\deep-into-js\\src\\is\\isSymbol.js": {"path":"C:\\Users\\liluo\\Desktop\\deep-into-js\\src\\is\\isSymbol.js","statementMap":{"0":{"start":{"line":16,"column":17},"end":{"line":18,"column":1}},"1":{"start":{"line":17,"column":2},"end":{"line":17,"column":80}}},"fnMap":{"0":{"name":"(anonymous_0)","decl":{"start":{"line":16,"column":17},"end":{"line":16,"column":18}},"loc":{"start":{"line":16,"column":28},"end":{"line":18,"column":1}},"line":16}},"branchMap":{"0":{"loc":{"start":{"line":17,"column":9},"end":{"line":17,"column":79}},"type":"binary-expr","locations":[{"start":{"line":17,"column":9},"end":{"line":17,"column":34}},{"start":{"line":17,"column":38},"end":{"line":17,"column":79}}],"line":17}},"s":{"0":1,"1":11},"f":{"0":11},"b":{"0":[11,10]},"_coverageSchema":"1a1c01bbd47fc00a2c39e90264f33305004495a9","hash":"99b7a10746f31da96c10b8682fe53d74e3bc35d3"}
,"C:\\Users\\liluo\\Desktop\\deep-into-js\\src\\is\\isUndefined.js": {"path":"C:\\Users\\liluo\\Desktop\\deep-into-js\\src\\is\\isUndefined.js","statementMap":{"0":{"start":{"line":14,"column":20},"end":{"line":16,"column":1}},"1":{"start":{"line":15,"column":2},"end":{"line":15,"column":29}}},"fnMap":{"0":{"name":"(anonymous_0)","decl":{"start":{"line":14,"column":20},"end":{"line":14,"column":21}},"loc":{"start":{"line":14,"column":31},"end":{"line":16,"column":1}},"line":14}},"branchMap":{},"s":{"0":1,"1":11},"f":{"0":11},"b":{},"_coverageSchema":"1a1c01bbd47fc00a2c39e90264f33305004495a9","hash":"be879bdcd4572aa74962d3fc45a246fda5e0cba8"}
,"C:\\Users\\liluo\\Desktop\\deep-into-js\\src\\new\\index.js": {"path":"C:\\Users\\liluo\\Desktop\\deep-into-js\\src\\new\\index.js","statementMap":{"0":{"start":{"line":11,"column":2},"end":{"line":13,"column":3}},"1":{"start":{"line":12,"column":4},"end":{"line":12,"column":64}},"2":{"start":{"line":15,"column":19},"end":{"line":15,"column":55}},"3":{"start":{"line":16,"column":17},"end":{"line":16,"column":50}},"4":{"start":{"line":18,"column":2},"end":{"line":18,"column":46}}},"fnMap":{"0":{"name":"New","decl":{"start":{"line":10,"column":24},"end":{"line":10,"column":27}},"loc":{"start":{"line":10,"column":50},"end":{"line":19,"column":1}},"line":10}},"branchMap":{"0":{"loc":{"start":{"line":11,"column":2},"end":{"line":13,"column":3}},"type":"if","locations":[{"start":{"line":11,"column":2},"end":{"line":13,"column":3}},{"start":{"line":11,"column":2},"end":{"line":13,"column":3}}],"line":11},"1":{"loc":{"start":{"line":18,"column":9},"end":{"line":18,"column":45}},"type":"cond-expr","locations":[{"start":{"line":18,"column":28},"end":{"line":18,"column":34}},{"start":{"line":18,"column":37},"end":{"line":18,"column":45}}],"line":18}},"s":{"0":3,"1":1,"2":2,"3":2,"4":2},"f":{"0":3},"b":{"0":[1,2],"1":[1,1]},"_coverageSchema":"1a1c01bbd47fc00a2c39e90264f33305004495a9","hash":"46862a773d725df5a22f0f41d4a5bb50c880d251"}
,"C:\\Users\\liluo\\Desktop\\deep-into-js\\test\\utils.js": {"path":"C:\\Users\\liluo\\Desktop\\deep-into-js\\test\\utils.js","statementMap":{"0":{"start":{"line":1,"column":22},"end":{"line":1,"column":37}},"1":{"start":{"line":2,"column":22},"end":{"line":2,"column":44}},"2":{"start":{"line":3,"column":22},"end":{"line":3,"column":57}},"3":{"start":{"line":4,"column":22},"end":{"line":4,"column":45}},"4":{"start":{"line":5,"column":22},"end":{"line":5,"column":40}},"5":{"start":{"line":6,"column":21},"end":{"line":6,"column":30}},"6":{"start":{"line":7,"column":20},"end":{"line":7,"column":34}},"7":{"start":{"line":9,"column":28},"end":{"line":11,"column":1}},"8":{"start":{"line":10,"column":2},"end":{"line":10,"column":19}},"9":{"start":{"line":12,"column":29},"end":{"line":16,"column":1}},"10":{"start":{"line":14,"column":4},"end":{"line":14,"column":21}}},"fnMap":{"0":{"name":"(anonymous_0)","decl":{"start":{"line":7,"column":20},"end":{"line":7,"column":21}},"loc":{"start":{"line":7,"column":32},"end":{"line":7,"column":34}},"line":7},"1":{"name":"(anonymous_1)","decl":{"start":{"line":9,"column":28},"end":{"line":9,"column":29}},"loc":{"start":{"line":9,"column":44},"end":{"line":11,"column":1}},"line":9},"2":{"name":"(anonymous_2)","decl":{"start":{"line":13,"column":2},"end":{"line":13,"column":3}},"loc":{"start":{"line":13,"column":20},"end":{"line":15,"column":3}},"line":13}},"branchMap":{"0":{"loc":{"start":{"line":3,"column":22},"end":{"line":3,"column":57}},"type":"cond-expr","locations":[{"start":{"line":3,"column":31},"end":{"line":3,"column":45}},{"start":{"line":3,"column":48},"end":{"line":3,"column":57}}],"line":3}},"s":{"0":13,"1":13,"2":13,"3":13,"4":13,"5":13,"6":13,"7":13,"8":1,"9":13,"10":0},"f":{"0":0,"1":1,"2":0},"b":{"0":[13,0]},"_coverageSchema":"1a1c01bbd47fc00a2c39e90264f33305004495a9","hash":"c087f8523c7322ada606dabac5fcf4c90a30c062"}
}
