TN:
SF:src\is\getPrimitive.js
FN:9,(anonymous_0)
FNF:1
FNH:1
FNDA:72,(anonymous_0)
DA:1,8
DA:9,8
DA:10,72
LF:3
LH:3
BRF:0
BRH:0
end_of_record
TN:
SF:src\is\isArguments.js
FN:17,(anonymous_0)
FNF:1
FNH:1
FNDA:12,(anonymous_0)
DA:17,1
DA:18,12
LF:2
LH:2
BRDA:18,0,0,12
BRDA:18,0,1,4
BRF:2
BRH:2
end_of_record
TN:
SF:src\is\isBigInt.js
FN:16,(anonymous_0)
FNF:1
FNH:1
FNDA:11,(anonymous_0)
DA:16,1
DA:17,11
LF:2
LH:2
BRDA:17,0,0,11
BRDA:17,0,1,10
BRF:2
BRH:2
end_of_record
TN:
SF:src\is\isBoolean.js
FN:16,(anonymous_0)
FNF:1
FNH:1
FNDA:13,(anonymous_0)
DA:16,1
DA:17,13
LF:2
LH:2
BRDA:17,0,0,13
BRDA:17,0,1,11
BRF:2
BRH:2
end_of_record
TN:
SF:src\is\isNull.js
FN:14,(anonymous_0)
FNF:1
FNH:1
FNDA:78,(anonymous_0)
DA:14,6
DA:15,78
LF:2
LH:2
BRF:0
BRH:0
end_of_record
TN:
SF:src\is\isNumber.js
FN:16,(anonymous_0)
FNF:1
FNH:1
FNDA:12,(anonymous_0)
DA:16,1
DA:17,12
LF:2
LH:2
BRDA:17,0,0,12
BRDA:17,0,1,10
BRF:2
BRH:2
end_of_record
TN:
SF:src\is\isObject.js
FN:24,(anonymous_0)
FNF:1
FNH:1
FNDA:19,(anonymous_0)
DA:24,2
DA:25,19
DA:26,19
LF:3
LH:3
BRDA:26,0,0,19
BRDA:26,0,1,18
BRDA:26,0,2,8
BRF:3
BRH:3
end_of_record
TN:
SF:src\is\isObjectLike.js
FN:22,(anonymous_0)
FNF:1
FNH:1
FNDA:45,(anonymous_0)
DA:22,3
DA:23,45
DA:24,45
LF:3
LH:3
BRDA:24,0,0,45
BRDA:24,0,1,42
BRF:2
BRH:2
end_of_record
TN:
SF:src\is\isPlainObject.js
FN:21,(anonymous_0)
FNF:1
FNH:1
FNDA:16,(anonymous_0)
DA:21,1
DA:22,16
DA:23,12
DA:26,4
DA:27,2
DA:30,2
LF:6
LH:6
BRDA:22,0,0,12
BRDA:22,0,1,4
BRDA:22,1,0,16
BRDA:22,1,1,7
BRDA:26,2,0,2
BRDA:26,2,1,2
BRF:6
BRH:6
end_of_record
TN:
SF:src\is\isString.js
FN:16,(anonymous_0)
FNF:1
FNH:1
FNDA:11,(anonymous_0)
DA:16,1
DA:17,11
LF:2
LH:2
BRDA:17,0,0,11
BRDA:17,0,1,10
BRF:2
BRH:2
end_of_record
TN:
SF:src\is\isSymbol.js
FN:16,(anonymous_0)
FNF:1
FNH:1
FNDA:11,(anonymous_0)
DA:16,1
DA:17,11
LF:2
LH:2
BRDA:17,0,0,11
BRDA:17,0,1,10
BRF:2
BRH:2
end_of_record
TN:
SF:src\is\isUndefined.js
FN:14,(anonymous_0)
FNF:1
FNH:1
FNDA:11,(anonymous_0)
DA:14,1
DA:15,11
LF:2
LH:2
BRF:0
BRH:0
end_of_record
TN:
SF:src\new\index.js
FN:10,New
FNF:1
FNH:1
FNDA:3,New
DA:11,3
DA:12,1
DA:15,2
DA:16,2
DA:18,2
LF:5
LH:5
BRDA:11,0,0,1
BRDA:11,0,1,2
BRDA:18,1,0,1
BRDA:18,1,1,1
BRF:4
BRH:4
end_of_record
TN:
SF:test\utils.js
FN:7,(anonymous_0)
FN:9,(anonymous_1)
FN:13,(anonymous_2)
FNF:3
FNH:1
FNDA:0,(anonymous_0)
FNDA:1,(anonymous_1)
FNDA:0,(anonymous_2)
DA:1,13
DA:2,13
DA:3,13
DA:4,13
DA:5,13
DA:6,13
DA:7,13
DA:9,13
DA:10,1
DA:12,13
DA:14,0
LF:11
LH:10
BRDA:3,0,0,13
BRDA:3,0,1,0
BRF:2
BRH:1
end_of_record
